<?xml version="1.0" encoding="UTF-8"?>
<!-- Generated by org.testng.reporters.JUnitReportReporter -->
<testsuite skipped="0" hostname="CBT-MH-000" name="First1" tests="1" failures="0" timestamp="15 Oct 2019 05:40:53 GMT" time="5.833" errors="0">
  <testcase name="TestPost" time="5.833" classname="First1"/>
</testsuite> <!-- First1 -->
