<?xml version="1.0" encoding="UTF-8"?>
<!-- Generated by org.testng.reporters.JUnitReportReporter -->
<testsuite skipped="0" hostname="CBT-MH-000" name="Retweet" tests="1" failures="0" timestamp="11 Oct 2019 04:36:06 GMT" time="5.027" errors="0">
  <testcase name="TestPost" time="5.027" classname="Retweet"/>
</testsuite> <!-- Retweet -->
