<?xml version="1.0" encoding="UTF-8"?>
<!-- Generated by org.testng.reporters.JUnitReportReporter -->
<testsuite skipped="0" hostname="CBT-MH-000" name="Second2" tests="1" failures="0" timestamp="10 Oct 2019 10:30:40 GMT" time="5.680" errors="0">
  <testcase name="TestPost" time="5.680" classname="Second2"/>
</testsuite> <!-- Second2 -->
