<?xml version="1.0" encoding="UTF-8"?>
<!-- Generated by org.testng.reporters.JUnitReportReporter -->
<testsuite skipped="0" hostname="CBT-MH-000" name="Hashtags" tests="1" failures="0" timestamp="15 Oct 2019 05:45:49 GMT" time="8.980" errors="0">
  <testcase name="Trends" time="8.980" classname="Hashtags"/>
</testsuite> <!-- Hashtags -->
